2026-04-15 02:14:37,215 - root - INFO - 

******** Input Params ********
-->  country: id
-->  hotel_name: pondok-pitaya
-->  sort_by: most_relevant
-->  n_rows: -1
-->  stop_critera: None
************************


2026-04-15 02:14:37,215 - root - INFO - Creating URLs
2026-04-15 02:14:37,215 - root - INFO - Checking max offset parameter value
2026-04-15 02:14:37,946 - root - INFO - Offset parameter max value: 240
2026-04-15 02:14:37,950 - root - INFO - Created URLs: 25
2026-04-15 02:14:37,950 - root - INFO - Progress Monitoring Thread Started
2026-04-15 02:14:37,951 - root - INFO - Starting Get Requests on 25 urls
2026-04-15 02:14:38,375 - root - WARNING - Retrying 1 ... https://www.booking.com/reviewlist.en-gb.html?cc1=id&pagename=pondok-pitaya&rows=10&sort=&offset=50
2026-04-15 02:14:38,381 - root - WARNING - Retrying 1 ... https://www.booking.com/reviewlist.en-gb.html?cc1=id&pagename=pondok-pitaya&rows=10&sort=&offset=80
2026-04-15 02:14:38,401 - root - WARNING - Retrying 1 ... https://www.booking.com/reviewlist.en-gb.html?cc1=id&pagename=pondok-pitaya&rows=10&sort=&offset=90
2026-04-15 02:14:38,402 - root - WARNING - Retrying 1 ... https://www.booking.com/reviewlist.en-gb.html?cc1=id&pagename=pondok-pitaya&rows=10&sort=&offset=70
2026-04-15 02:14:38,736 - root - WARNING - Retrying 2 ... https://www.booking.com/reviewlist.en-gb.html?cc1=id&pagename=pondok-pitaya&rows=10&sort=&offset=90
2026-04-15 02:14:39,801 - root - WARNING - Retrying 1 ... https://www.booking.com/reviewlist.en-gb.html?cc1=id&pagename=pondok-pitaya&rows=10&sort=&offset=170
2026-04-15 02:14:39,801 - root - WARNING - Retrying 1 ... https://www.booking.com/reviewlist.en-gb.html?cc1=id&pagename=pondok-pitaya&rows=10&sort=&offset=160
2026-04-15 02:14:40,130 - root - WARNING - Retrying 1 ... https://www.booking.com/reviewlist.en-gb.html?cc1=id&pagename=pondok-pitaya&rows=10&sort=&offset=120
2026-04-15 02:14:40,219 - root - WARNING - Retrying 1 ... https://www.booking.com/reviewlist.en-gb.html?cc1=id&pagename=pondok-pitaya&rows=10&sort=&offset=110
2026-04-15 02:14:40,229 - root - WARNING - Retrying 1 ... https://www.booking.com/reviewlist.en-gb.html?cc1=id&pagename=pondok-pitaya&rows=10&sort=&offset=100
2026-04-15 02:14:40,322 - root - WARNING - Retrying 1 ... https://www.booking.com/reviewlist.en-gb.html?cc1=id&pagename=pondok-pitaya&rows=10&sort=&offset=220
2026-04-15 02:14:40,539 - root - WARNING - Retrying 2 ... https://www.booking.com/reviewlist.en-gb.html?cc1=id&pagename=pondok-pitaya&rows=10&sort=&offset=100
2026-04-15 02:14:40,542 - root - WARNING - Retrying 2 ... https://www.booking.com/reviewlist.en-gb.html?cc1=id&pagename=pondok-pitaya&rows=10&sort=&offset=110
2026-04-15 02:14:40,620 - root - WARNING - Retrying 2 ... https://www.booking.com/reviewlist.en-gb.html?cc1=id&pagename=pondok-pitaya&rows=10&sort=&offset=220
2026-04-15 02:14:40,882 - root - WARNING - Retrying 2 ... https://www.booking.com/reviewlist.en-gb.html?cc1=id&pagename=pondok-pitaya&rows=10&sort=&offset=160
2026-04-15 02:14:40,960 - root - WARNING - Retrying 3 ... https://www.booking.com/reviewlist.en-gb.html?cc1=id&pagename=pondok-pitaya&rows=10&sort=&offset=110
2026-04-15 02:14:40,962 - root - WARNING - Retrying 3 ... https://www.booking.com/reviewlist.en-gb.html?cc1=id&pagename=pondok-pitaya&rows=10&sort=&offset=100
2026-04-15 02:14:41,929 - root - INFO - Finished Get Requests in 4.0 seconds
2026-04-15 02:14:41,929 - root - INFO - Starting Parsing Responses: 25
2026-04-15 02:14:41,970 - root - INFO - Processes launched: 5
2026-04-15 02:14:43,244 - root - INFO - Finished Parsing Responses: 226 in 5.3 seconds
2026-04-15 02:14:43,275 - root - INFO - Process complete 6.1 seconds
2026-04-15 02:14:43,275 - root - INFO - Reviews found: 226
2026-04-15 02:14:43,984 - root - INFO - Processed 25/25
