2026-06-23 11:38:46,413 - root - INFO - 

******** Input Params ********
-->  country: id
-->  hotel_name: daun-lebar-villas
-->  sort_by: most_relevant
-->  n_rows: -1
-->  stop_critera: None
************************


2026-06-23 11:38:46,414 - root - INFO - Creating URLs
2026-06-23 11:38:46,414 - root - INFO - Checking max offset parameter value
2026-06-23 11:38:47,444 - root - INFO - No offset parameter found
2026-06-23 11:38:47,445 - root - INFO - Created URLs: 1
2026-06-23 11:38:47,446 - root - INFO - Progress Monitoring Thread Started
2026-06-23 11:38:47,446 - root - INFO - Starting Get Requests on 1 urls
2026-06-23 11:38:48,378 - root - WARNING - Retrying 1 ... https://www.booking.com/reviewlist.en-gb.html?cc1=id&pagename=daun-lebar-villas&rows=10&sort=
2026-06-23 11:38:49,376 - root - WARNING - Retrying 2 ... https://www.booking.com/reviewlist.en-gb.html?cc1=id&pagename=daun-lebar-villas&rows=10&sort=
2026-06-23 11:38:50,096 - root - WARNING - Retrying 3 ... https://www.booking.com/reviewlist.en-gb.html?cc1=id&pagename=daun-lebar-villas&rows=10&sort=
2026-06-23 11:38:50,097 - root - INFO - Finished Get Requests in 2.7 seconds
2026-06-23 11:38:50,097 - root - INFO - Starting Parsing Responses: 1
2026-06-23 11:38:50,101 - root - INFO - Processes launched: 1
2026-06-23 11:38:50,181 - root - INFO - Finished Parsing Responses: 0 in 2.7 seconds
2026-06-23 11:38:50,183 - root - INFO - Process complete 3.8 seconds
2026-06-23 11:38:50,184 - root - INFO - Reviews found: 0
2026-06-23 11:38:51,455 - root - INFO - Processed 1/1
