2026-06-04 11:35:26,573 - root - INFO - 

******** Input Params ********
-->  country: id
-->  hotel_name: pondok-pitaya
-->  sort_by: most_relevant
-->  n_rows: -1
-->  stop_critera: None
************************


2026-06-04 11:35:26,574 - root - INFO - Creating URLs
2026-06-04 11:35:26,574 - root - INFO - Checking max offset parameter value
2026-06-04 11:35:27,216 - root - INFO - Offset parameter max value: 250
2026-06-04 11:35:27,220 - root - INFO - Created URLs: 26
2026-06-04 11:35:27,220 - root - INFO - Progress Monitoring Thread Started
2026-06-04 11:35:27,221 - root - INFO - Starting Get Requests on 26 urls
2026-06-04 11:35:27,544 - root - WARNING - Retrying 1 ... https://www.booking.com/reviewlist.en-gb.html?cc1=id&pagename=pondok-pitaya&rows=10&sort=&offset=30
2026-06-04 11:35:27,549 - root - WARNING - Retrying 1 ... https://www.booking.com/reviewlist.en-gb.html?cc1=id&pagename=pondok-pitaya&rows=10&sort=&offset=90
2026-06-04 11:35:27,550 - root - WARNING - Retrying 1 ... https://www.booking.com/reviewlist.en-gb.html?cc1=id&pagename=pondok-pitaya&rows=10&sort=&offset=20
2026-06-04 11:35:27,558 - root - WARNING - Retrying 1 ... https://www.booking.com/reviewlist.en-gb.html?cc1=id&pagename=pondok-pitaya&rows=10&sort=&offset=40
2026-06-04 11:35:27,566 - root - WARNING - Retrying 1 ... https://www.booking.com/reviewlist.en-gb.html?cc1=id&pagename=pondok-pitaya&rows=10&sort=&offset=60
2026-06-04 11:35:27,615 - root - WARNING - Retrying 1 ... https://www.booking.com/reviewlist.en-gb.html?cc1=id&pagename=pondok-pitaya&rows=10&sort=&offset=50
2026-06-04 11:35:27,836 - root - WARNING - Retrying 2 ... https://www.booking.com/reviewlist.en-gb.html?cc1=id&pagename=pondok-pitaya&rows=10&sort=&offset=20
2026-06-04 11:35:28,565 - root - WARNING - Retrying 1 ... https://www.booking.com/reviewlist.en-gb.html?cc1=id&pagename=pondok-pitaya&rows=10&sort=&offset=150
2026-06-04 11:35:28,569 - root - WARNING - Retrying 1 ... https://www.booking.com/reviewlist.en-gb.html?cc1=id&pagename=pondok-pitaya&rows=10&sort=&offset=120
2026-06-04 11:35:28,582 - root - WARNING - Retrying 1 ... https://www.booking.com/reviewlist.en-gb.html?cc1=id&pagename=pondok-pitaya&rows=10&sort=&offset=140
2026-06-04 11:35:28,616 - root - WARNING - Retrying 1 ... https://www.booking.com/reviewlist.en-gb.html?cc1=id&pagename=pondok-pitaya&rows=10&sort=&offset=190
2026-06-04 11:35:28,800 - root - WARNING - Retrying 2 ... https://www.booking.com/reviewlist.en-gb.html?cc1=id&pagename=pondok-pitaya&rows=10&sort=&offset=120
2026-06-04 11:35:29,487 - root - WARNING - Retrying 1 ... https://www.booking.com/reviewlist.en-gb.html?cc1=id&pagename=pondok-pitaya&rows=10&sort=&offset=250
2026-06-04 11:35:29,495 - root - WARNING - Retrying 1 ... https://www.booking.com/reviewlist.en-gb.html?cc1=id&pagename=pondok-pitaya&rows=10&sort=&offset=230
2026-06-04 11:35:29,682 - root - WARNING - Retrying 2 ... https://www.booking.com/reviewlist.en-gb.html?cc1=id&pagename=pondok-pitaya&rows=10&sort=&offset=230
2026-06-04 11:35:29,683 - root - WARNING - Retrying 2 ... https://www.booking.com/reviewlist.en-gb.html?cc1=id&pagename=pondok-pitaya&rows=10&sort=&offset=250
2026-06-04 11:35:29,859 - root - WARNING - Retrying 3 ... https://www.booking.com/reviewlist.en-gb.html?cc1=id&pagename=pondok-pitaya&rows=10&sort=&offset=230
2026-06-04 11:35:30,192 - root - INFO - Finished Get Requests in 3.0 seconds
2026-06-04 11:35:30,192 - root - INFO - Starting Parsing Responses: 26
2026-06-04 11:35:30,210 - root - INFO - Processes launched: 5
2026-06-04 11:35:30,788 - root - INFO - Finished Parsing Responses: 249 in 3.6 seconds
2026-06-04 11:35:30,827 - root - INFO - Process complete 4.3 seconds
2026-06-04 11:35:30,827 - root - INFO - Reviews found: 249
2026-06-04 11:35:31,227 - root - INFO - Processed 26/26
