2026-06-23 11:36:24,178 - root - INFO - 

******** Input Params ********
-->  country: id
-->  hotel_name: daun-lebar-villas
-->  sort_by: most_relevant
-->  n_rows: -1
-->  stop_critera: None
************************


2026-06-23 11:36:24,179 - root - INFO - Creating URLs
2026-06-23 11:36:24,179 - root - INFO - Checking max offset parameter value
2026-06-23 11:36:25,497 - root - INFO - No offset parameter found
2026-06-23 11:36:25,498 - root - INFO - Created URLs: 1
2026-06-23 11:36:25,499 - root - INFO - Progress Monitoring Thread Started
2026-06-23 11:36:25,499 - root - INFO - Starting Get Requests on 1 urls
2026-06-23 11:36:26,367 - root - WARNING - Retrying 1 ... https://www.booking.com/reviewlist.en-gb.html?cc1=id&pagename=daun-lebar-villas&rows=10&sort=
2026-06-23 11:36:27,586 - root - WARNING - Retrying 2 ... https://www.booking.com/reviewlist.en-gb.html?cc1=id&pagename=daun-lebar-villas&rows=10&sort=
2026-06-23 11:36:28,688 - root - WARNING - Retrying 3 ... https://www.booking.com/reviewlist.en-gb.html?cc1=id&pagename=daun-lebar-villas&rows=10&sort=
2026-06-23 11:36:28,689 - root - INFO - Finished Get Requests in 3.2 seconds
2026-06-23 11:36:28,689 - root - INFO - Starting Parsing Responses: 1
2026-06-23 11:36:28,693 - root - INFO - Processes launched: 1
2026-06-23 11:36:28,770 - root - INFO - Finished Parsing Responses: 0 in 3.3 seconds
2026-06-23 11:36:28,772 - root - INFO - Process complete 4.6 seconds
2026-06-23 11:36:28,772 - root - INFO - Reviews found: 0
2026-06-23 11:36:29,509 - root - INFO - Processed 1/1
