2026-06-24 13:55:52,829 - root - INFO - 

******** Input Params ********
-->  country: id
-->  hotel_name: daun-lebar-villas
-->  sort_by: most_relevant
-->  n_rows: -1
-->  stop_critera: None
************************


2026-06-24 13:55:52,830 - root - INFO - Creating URLs
2026-06-24 13:55:52,830 - root - INFO - Checking max offset parameter value
2026-06-24 13:55:53,991 - root - INFO - No offset parameter found
2026-06-24 13:55:53,993 - root - INFO - Created URLs: 1
2026-06-24 13:55:53,994 - root - INFO - Progress Monitoring Thread Started
2026-06-24 13:55:53,994 - root - INFO - Starting Get Requests on 1 urls
2026-06-24 13:55:55,344 - root - WARNING - Retrying 1 ... https://www.booking.com/reviewlist.en-gb.html?cc1=id&pagename=daun-lebar-villas&rows=10&sort=
2026-06-24 13:55:56,131 - root - WARNING - Retrying 2 ... https://www.booking.com/reviewlist.en-gb.html?cc1=id&pagename=daun-lebar-villas&rows=10&sort=
2026-06-24 13:55:56,859 - root - WARNING - Retrying 3 ... https://www.booking.com/reviewlist.en-gb.html?cc1=id&pagename=daun-lebar-villas&rows=10&sort=
2026-06-24 13:55:56,862 - root - INFO - Finished Get Requests in 2.9 seconds
2026-06-24 13:55:56,862 - root - INFO - Starting Parsing Responses: 1
2026-06-24 13:55:56,872 - root - INFO - Processes launched: 1
2026-06-24 13:55:56,971 - root - INFO - Finished Parsing Responses: 0 in 3.0 seconds
2026-06-24 13:55:56,974 - root - INFO - Process complete 4.1 seconds
2026-06-24 13:55:56,974 - root - INFO - Reviews found: 0
2026-06-24 13:55:58,010 - root - INFO - Processed 1/1
