2026-06-24 09:55:41,905 - root - INFO - 

******** Input Params ********
-->  country: id
-->  hotel_name: daun-lebar-villas
-->  sort_by: most_relevant
-->  n_rows: -1
-->  stop_critera: None
************************


2026-06-24 09:55:41,906 - root - INFO - Creating URLs
2026-06-24 09:55:41,906 - root - INFO - Checking max offset parameter value
2026-06-24 09:55:41,936 - root - INFO - No offset parameter found
2026-06-24 09:55:41,938 - root - INFO - Created URLs: 1
2026-06-24 09:55:41,938 - root - INFO - Progress Monitoring Thread Started
2026-06-24 09:55:41,939 - root - INFO - Starting Get Requests on 1 urls
2026-06-24 09:55:43,160 - root - WARNING - Retrying 1 ... https://www.booking.com/reviewlist.en-gb.html?cc1=id&pagename=daun-lebar-villas&rows=10&sort=
2026-06-24 09:55:43,981 - root - WARNING - Retrying 2 ... https://www.booking.com/reviewlist.en-gb.html?cc1=id&pagename=daun-lebar-villas&rows=10&sort=
2026-06-24 09:55:44,750 - root - WARNING - Retrying 3 ... https://www.booking.com/reviewlist.en-gb.html?cc1=id&pagename=daun-lebar-villas&rows=10&sort=
2026-06-24 09:55:44,751 - root - INFO - Finished Get Requests in 2.8 seconds
2026-06-24 09:55:44,751 - root - INFO - Starting Parsing Responses: 1
2026-06-24 09:55:44,755 - root - INFO - Processes launched: 1
2026-06-24 09:55:44,838 - root - INFO - Finished Parsing Responses: 0 in 2.9 seconds
2026-06-24 09:55:44,840 - root - INFO - Process complete 2.9 seconds
2026-06-24 09:55:44,840 - root - INFO - Reviews found: 0
2026-06-24 09:55:45,992 - root - INFO - Processed 1/1
