2026-02-13 11:56:46,594 - root - INFO - 

******** Input Params ********
-->  country: id
-->  hotel_name: balian-paradise-resort
-->  sort_by: most_relevant
-->  n_rows: -1
-->  stop_critera: None
************************


2026-02-13 11:56:46,595 - root - INFO - Creating URLs
2026-02-13 11:56:46,595 - root - INFO - Checking max offset parameter value
2026-02-13 11:56:46,280 - root - INFO - Offset parameter max value: 170
2026-02-13 11:56:46,283 - root - INFO - Created URLs: 18
2026-02-13 11:56:46,283 - root - INFO - Progress Monitoring Thread Started
2026-02-13 11:56:46,284 - root - INFO - Starting Get Requests on 18 urls
2026-02-13 11:56:48,092 - root - INFO - Finished Get Requests in 1.8 seconds
2026-02-13 11:56:48,093 - root - INFO - Starting Parsing Responses: 18
2026-02-13 11:56:48,113 - root - INFO - Processes launched: 5
2026-02-13 11:56:48,293 - root - INFO - Processed 9/18
2026-02-13 11:56:48,514 - root - INFO - Finished Parsing Responses: 175 in 2.2 seconds
2026-02-13 11:56:48,541 - root - INFO - Process complete 1.9 seconds
2026-02-13 11:56:48,542 - root - INFO - Reviews found: 175
2026-02-13 11:56:50,308 - root - INFO - Processed 18/18
