2026-05-11 01:09:48,907 - root - INFO - 

******** Input Params ********
-->  country: id
-->  hotel_name: c-39-smart-stay-kabupaten-buleleng
-->  sort_by: most_relevant
-->  n_rows: -1
-->  stop_critera: None
************************


2026-05-11 01:09:48,907 - root - INFO - Creating URLs
2026-05-11 01:09:48,907 - root - INFO - Checking max offset parameter value
2026-05-11 01:09:49,207 - root - INFO - No offset parameter found
2026-05-11 01:09:49,209 - root - INFO - Created URLs: 1
2026-05-11 01:09:49,209 - root - INFO - Progress Monitoring Thread Started
2026-05-11 01:09:49,209 - root - INFO - Starting Get Requests on 1 urls
2026-05-11 01:09:49,806 - root - INFO - Finished Get Requests in 0.6 seconds
2026-05-11 01:09:49,807 - root - INFO - Starting Parsing Responses: 1
2026-05-11 01:09:49,808 - root - INFO - Processes launched: 1
2026-05-11 01:09:50,038 - root - INFO - Finished Parsing Responses: 10 in 0.8 seconds
2026-05-11 01:09:50,039 - root - INFO - Process complete 1.1 seconds
2026-05-11 01:09:50,039 - root - INFO - Reviews found: 10
2026-05-11 01:09:51,212 - root - INFO - Processed 1/1
