2026-06-24 09:21:09,364 - root - INFO - 

******** Input Params ********
-->  country: id
-->  hotel_name: daun-lebar-villas
-->  sort_by: most_relevant
-->  n_rows: -1
-->  stop_critera: None
************************


2026-06-24 09:21:09,365 - root - INFO - Creating URLs
2026-06-24 09:21:09,365 - root - INFO - Checking max offset parameter value
2026-06-24 09:21:10,651 - root - INFO - No offset parameter found
2026-06-24 09:21:10,652 - root - INFO - Created URLs: 1
2026-06-24 09:21:10,653 - root - INFO - Progress Monitoring Thread Started
2026-06-24 09:21:10,653 - root - INFO - Starting Get Requests on 1 urls
2026-06-24 09:21:11,783 - root - WARNING - Retrying 1 ... https://www.booking.com/reviewlist.en-gb.html?cc1=id&pagename=daun-lebar-villas&rows=10&sort=
2026-06-24 09:21:12,637 - root - WARNING - Retrying 2 ... https://www.booking.com/reviewlist.en-gb.html?cc1=id&pagename=daun-lebar-villas&rows=10&sort=
2026-06-24 09:21:13,417 - root - WARNING - Retrying 3 ... https://www.booking.com/reviewlist.en-gb.html?cc1=id&pagename=daun-lebar-villas&rows=10&sort=
2026-06-24 09:21:13,419 - root - INFO - Finished Get Requests in 2.8 seconds
2026-06-24 09:21:13,419 - root - INFO - Starting Parsing Responses: 1
2026-06-24 09:21:13,423 - root - INFO - Processes launched: 1
2026-06-24 09:21:13,506 - root - INFO - Finished Parsing Responses: 0 in 2.9 seconds
2026-06-24 09:21:13,508 - root - INFO - Process complete 4.1 seconds
2026-06-24 09:21:13,508 - root - INFO - Reviews found: 0
2026-06-24 09:21:14,707 - root - INFO - Processed 1/1
