2026-06-23 11:36:45,451 - root - INFO - 

******** Input Params ********
-->  country: id
-->  hotel_name: daun-lebar-villas
-->  sort_by: most_relevant
-->  n_rows: -1
-->  stop_critera: None
************************


2026-06-23 11:36:45,452 - root - INFO - Creating URLs
2026-06-23 11:36:45,452 - root - INFO - Checking max offset parameter value
2026-06-23 11:36:46,396 - root - INFO - No offset parameter found
2026-06-23 11:36:46,397 - root - INFO - Created URLs: 1
2026-06-23 11:36:46,398 - root - INFO - Progress Monitoring Thread Started
2026-06-23 11:36:46,398 - root - INFO - Starting Get Requests on 1 urls
2026-06-23 11:36:47,275 - root - WARNING - Retrying 1 ... https://www.booking.com/reviewlist.en-gb.html?cc1=id&pagename=daun-lebar-villas&rows=10&sort=
2026-06-23 11:36:48,458 - root - WARNING - Retrying 2 ... https://www.booking.com/reviewlist.en-gb.html?cc1=id&pagename=daun-lebar-villas&rows=10&sort=
2026-06-23 11:36:49,601 - root - WARNING - Retrying 3 ... https://www.booking.com/reviewlist.en-gb.html?cc1=id&pagename=daun-lebar-villas&rows=10&sort=
2026-06-23 11:36:49,602 - root - INFO - Finished Get Requests in 3.2 seconds
2026-06-23 11:36:49,602 - root - INFO - Starting Parsing Responses: 1
2026-06-23 11:36:49,606 - root - INFO - Processes launched: 1
2026-06-23 11:36:49,679 - root - INFO - Finished Parsing Responses: 0 in 3.3 seconds
2026-06-23 11:36:49,682 - root - INFO - Process complete 4.2 seconds
2026-06-23 11:36:49,682 - root - INFO - Reviews found: 0
2026-06-23 11:36:50,407 - root - INFO - Processed 1/1
