2026-05-11 16:31:00,580 - root - INFO - 

******** Input Params ********
-->  country: id
-->  hotel_name: c-39-smart-stay-kabupaten-buleleng
-->  sort_by: most_relevant
-->  n_rows: -1
-->  stop_critera: None
************************


2026-05-11 16:31:00,580 - root - INFO - Creating URLs
2026-05-11 16:31:00,581 - root - INFO - Checking max offset parameter value
2026-05-11 16:31:01,376 - root - INFO - Offset parameter max value: 70
2026-05-11 16:31:01,380 - root - INFO - Created URLs: 8
2026-05-11 16:31:01,381 - root - INFO - Progress Monitoring Thread Started
2026-05-11 16:31:01,381 - root - INFO - Starting Get Requests on 8 urls
2026-05-11 16:31:01,869 - root - WARNING - Retrying 1 ... https://www.booking.com/reviewlist.en-gb.html?cc1=id&pagename=c-39-smart-stay-kabupaten-buleleng&rows=10&sort=
2026-05-11 16:31:01,869 - root - WARNING - Retrying 1 ... https://www.booking.com/reviewlist.en-gb.html?cc1=id&pagename=c-39-smart-stay-kabupaten-buleleng&rows=10&sort=&offset=20
2026-05-11 16:31:02,165 - root - WARNING - Retrying 2 ... https://www.booking.com/reviewlist.en-gb.html?cc1=id&pagename=c-39-smart-stay-kabupaten-buleleng&rows=10&sort=&offset=20
2026-05-11 16:31:02,478 - root - WARNING - Retrying 3 ... https://www.booking.com/reviewlist.en-gb.html?cc1=id&pagename=c-39-smart-stay-kabupaten-buleleng&rows=10&sort=&offset=20
2026-05-11 16:31:02,705 - root - INFO - Finished Get Requests in 1.3 seconds
2026-05-11 16:31:02,706 - root - INFO - Starting Parsing Responses: 8
2026-05-11 16:31:02,727 - root - INFO - Processes launched: 5
2026-05-11 16:31:02,917 - root - INFO - Finished Parsing Responses: 63 in 1.5 seconds
2026-05-11 16:31:02,927 - root - INFO - Process complete 2.3 seconds
2026-05-11 16:31:02,928 - root - INFO - Reviews found: 63
2026-05-11 16:31:03,389 - root - INFO - Processed 8/8
