2026-05-29 13:50:44,185 - root - INFO - 

******** Input Params ********
-->  country: id
-->  hotel_name: pondok-nyoman
-->  sort_by: most_relevant
-->  n_rows: -1
-->  stop_critera: None
************************


2026-05-29 13:50:44,185 - root - INFO - Creating URLs
2026-05-29 13:50:44,185 - root - INFO - Checking max offset parameter value
2026-05-29 13:50:44,672 - root - INFO - No offset parameter found
2026-05-29 13:50:44,674 - root - INFO - Created URLs: 1
2026-05-29 13:50:44,674 - root - INFO - Progress Monitoring Thread Started
2026-05-29 13:50:44,674 - root - INFO - Starting Get Requests on 1 urls
2026-05-29 13:50:44,965 - root - WARNING - Retrying 1 ... https://www.booking.com/reviewlist.en-gb.html?cc1=id&pagename=pondok-nyoman&rows=10&sort=
2026-05-29 13:50:45,169 - root - WARNING - Retrying 2 ... https://www.booking.com/reviewlist.en-gb.html?cc1=id&pagename=pondok-nyoman&rows=10&sort=
2026-05-29 13:50:45,391 - root - WARNING - Retrying 3 ... https://www.booking.com/reviewlist.en-gb.html?cc1=id&pagename=pondok-nyoman&rows=10&sort=
2026-05-29 13:50:45,392 - root - INFO - Finished Get Requests in 0.7 seconds
2026-05-29 13:50:45,392 - root - INFO - Starting Parsing Responses: 1
2026-05-29 13:50:45,397 - root - INFO - Processes launched: 1
2026-05-29 13:50:45,412 - root - INFO - Finished Parsing Responses: 0 in 0.7 seconds
2026-05-29 13:50:45,414 - root - INFO - Process complete 1.2 seconds
2026-05-29 13:50:45,414 - root - INFO - Reviews found: 0
2026-05-29 13:50:46,681 - root - INFO - Processed 1/1
