2026-06-23 11:36:31,210 - root - INFO - 

******** Input Params ********
-->  country: id
-->  hotel_name: daun-lebar-villas
-->  sort_by: most_relevant
-->  n_rows: -1
-->  stop_critera: None
************************


2026-06-23 11:36:31,211 - root - INFO - Creating URLs
2026-06-23 11:36:31,211 - root - INFO - Checking max offset parameter value
2026-06-23 11:36:32,245 - root - INFO - No offset parameter found
2026-06-23 11:36:32,247 - root - INFO - Created URLs: 1
2026-06-23 11:36:32,247 - root - INFO - Progress Monitoring Thread Started
2026-06-23 11:36:32,247 - root - INFO - Starting Get Requests on 1 urls
2026-06-23 11:36:33,201 - root - WARNING - Retrying 1 ... https://www.booking.com/reviewlist.en-gb.html?cc1=id&pagename=daun-lebar-villas&rows=10&sort=
2026-06-23 11:36:33,936 - root - WARNING - Retrying 2 ... https://www.booking.com/reviewlist.en-gb.html?cc1=id&pagename=daun-lebar-villas&rows=10&sort=
2026-06-23 11:36:34,700 - root - WARNING - Retrying 3 ... https://www.booking.com/reviewlist.en-gb.html?cc1=id&pagename=daun-lebar-villas&rows=10&sort=
2026-06-23 11:36:34,701 - root - INFO - Finished Get Requests in 2.5 seconds
2026-06-23 11:36:34,702 - root - INFO - Starting Parsing Responses: 1
2026-06-23 11:36:34,706 - root - INFO - Processes launched: 1
2026-06-23 11:36:34,779 - root - INFO - Finished Parsing Responses: 0 in 2.5 seconds
2026-06-23 11:36:34,781 - root - INFO - Process complete 3.6 seconds
2026-06-23 11:36:34,781 - root - INFO - Reviews found: 0
2026-06-23 11:36:36,262 - root - INFO - Processed 1/1
