2026-05-29 13:51:14,615 - root - INFO - 

******** Input Params ********
-->  country: id
-->  hotel_name: pondok-nyoman
-->  sort_by: most_relevant
-->  n_rows: -1
-->  stop_critera: None
************************


2026-05-29 13:51:14,616 - root - INFO - Creating URLs
2026-05-29 13:51:14,616 - root - INFO - Checking max offset parameter value
2026-05-29 13:51:14,954 - root - INFO - No offset parameter found
2026-05-29 13:51:14,955 - root - INFO - Created URLs: 1
2026-05-29 13:51:14,956 - root - INFO - Progress Monitoring Thread Started
2026-05-29 13:51:14,956 - root - INFO - Starting Get Requests on 1 urls
2026-05-29 13:51:15,696 - root - INFO - Finished Get Requests in 0.7 seconds
2026-05-29 13:51:15,696 - root - INFO - Starting Parsing Responses: 1
2026-05-29 13:51:15,699 - root - INFO - Processes launched: 1
2026-05-29 13:51:15,811 - root - INFO - Finished Parsing Responses: 10 in 0.9 seconds
2026-05-29 13:51:15,813 - root - INFO - Process complete 1.2 seconds
2026-05-29 13:51:15,813 - root - INFO - Reviews found: 10
2026-05-29 13:51:16,970 - root - INFO - Processed 1/1
