2026-06-23 11:36:38,021 - root - INFO - 

******** Input Params ********
-->  country: id
-->  hotel_name: daun-lebar-villas
-->  sort_by: most_relevant
-->  n_rows: -1
-->  stop_critera: None
************************


2026-06-23 11:36:38,021 - root - INFO - Creating URLs
2026-06-23 11:36:38,022 - root - INFO - Checking max offset parameter value
2026-06-23 11:36:38,914 - root - INFO - No offset parameter found
2026-06-23 11:36:38,915 - root - INFO - Created URLs: 1
2026-06-23 11:36:38,916 - root - INFO - Progress Monitoring Thread Started
2026-06-23 11:36:38,916 - root - INFO - Starting Get Requests on 1 urls
2026-06-23 11:36:39,730 - root - WARNING - Retrying 1 ... https://www.booking.com/reviewlist.en-gb.html?cc1=id&pagename=daun-lebar-villas&rows=10&sort=
2026-06-23 11:36:40,523 - root - WARNING - Retrying 2 ... https://www.booking.com/reviewlist.en-gb.html?cc1=id&pagename=daun-lebar-villas&rows=10&sort=
2026-06-23 11:36:41,267 - root - WARNING - Retrying 3 ... https://www.booking.com/reviewlist.en-gb.html?cc1=id&pagename=daun-lebar-villas&rows=10&sort=
2026-06-23 11:36:41,268 - root - INFO - Finished Get Requests in 2.4 seconds
2026-06-23 11:36:41,282 - root - INFO - Starting Parsing Responses: 1
2026-06-23 11:36:41,286 - root - INFO - Processes launched: 1
2026-06-23 11:36:41,361 - root - INFO - Finished Parsing Responses: 0 in 2.4 seconds
2026-06-23 11:36:41,363 - root - INFO - Process complete 3.3 seconds
2026-06-23 11:36:41,364 - root - INFO - Reviews found: 0
2026-06-23 11:36:42,928 - root - INFO - Processed 1/1
