2026-06-24 13:56:01,962 - root - INFO - 

******** Input Params ********
-->  country: id
-->  hotel_name: daun-lebar-villa
-->  sort_by: most_relevant
-->  n_rows: -1
-->  stop_critera: None
************************


2026-06-24 13:56:01,963 - root - INFO - Creating URLs
2026-06-24 13:56:01,963 - root - INFO - Checking max offset parameter value
2026-06-24 13:56:03,019 - root - INFO - No offset parameter found
2026-06-24 13:56:03,021 - root - INFO - Created URLs: 1
2026-06-24 13:56:03,022 - root - INFO - Progress Monitoring Thread Started
2026-06-24 13:56:03,022 - root - INFO - Starting Get Requests on 1 urls
2026-06-24 13:56:04,025 - root - WARNING - Retrying 1 ... https://www.booking.com/reviewlist.en-gb.html?cc1=id&pagename=daun-lebar-villa&rows=10&sort=
2026-06-24 13:56:04,877 - root - WARNING - Retrying 2 ... https://www.booking.com/reviewlist.en-gb.html?cc1=id&pagename=daun-lebar-villa&rows=10&sort=
2026-06-24 13:56:05,582 - root - WARNING - Retrying 3 ... https://www.booking.com/reviewlist.en-gb.html?cc1=id&pagename=daun-lebar-villa&rows=10&sort=
2026-06-24 13:56:05,583 - root - INFO - Finished Get Requests in 2.6 seconds
2026-06-24 13:56:05,583 - root - INFO - Starting Parsing Responses: 1
2026-06-24 13:56:05,587 - root - INFO - Processes launched: 1
2026-06-24 13:56:05,667 - root - INFO - Finished Parsing Responses: 0 in 2.6 seconds
2026-06-24 13:56:05,669 - root - INFO - Process complete 3.7 seconds
2026-06-24 13:56:05,669 - root - INFO - Reviews found: 0
2026-06-24 13:56:07,035 - root - INFO - Processed 1/1
