2026-05-29 13:44:42,132 - root - INFO - 

******** Input Params ********
-->  country: id
-->  hotel_name: navalia-villa-bedugul
-->  sort_by: most_relevant
-->  n_rows: -1
-->  stop_critera: None
************************


2026-05-29 13:44:42,133 - root - INFO - Creating URLs
2026-05-29 13:44:42,133 - root - INFO - Checking max offset parameter value
2026-05-29 13:44:42,979 - root - INFO - Offset parameter max value: 190
2026-05-29 13:44:42,982 - root - INFO - Created URLs: 20
2026-05-29 13:44:42,983 - root - INFO - Progress Monitoring Thread Started
2026-05-29 13:44:42,983 - root - INFO - Starting Get Requests on 20 urls
2026-05-29 13:44:43,439 - root - WARNING - Retrying 1 ... https://www.booking.com/reviewlist.en-gb.html?cc1=id&pagename=navalia-villa-bedugul&rows=10&sort=&offset=80
2026-05-29 13:44:43,443 - root - WARNING - Retrying 1 ... https://www.booking.com/reviewlist.en-gb.html?cc1=id&pagename=navalia-villa-bedugul&rows=10&sort=
2026-05-29 13:44:43,444 - root - WARNING - Retrying 1 ... https://www.booking.com/reviewlist.en-gb.html?cc1=id&pagename=navalia-villa-bedugul&rows=10&sort=&offset=20
2026-05-29 13:44:43,695 - root - WARNING - Retrying 2 ... https://www.booking.com/reviewlist.en-gb.html?cc1=id&pagename=navalia-villa-bedugul&rows=10&sort=
2026-05-29 13:44:44,307 - root - WARNING - Retrying 1 ... https://www.booking.com/reviewlist.en-gb.html?cc1=id&pagename=navalia-villa-bedugul&rows=10&sort=&offset=150
2026-05-29 13:44:44,308 - root - WARNING - Retrying 1 ... https://www.booking.com/reviewlist.en-gb.html?cc1=id&pagename=navalia-villa-bedugul&rows=10&sort=&offset=120
2026-05-29 13:44:44,332 - root - WARNING - Retrying 1 ... https://www.booking.com/reviewlist.en-gb.html?cc1=id&pagename=navalia-villa-bedugul&rows=10&sort=&offset=160
2026-05-29 13:44:44,334 - root - WARNING - Retrying 1 ... https://www.booking.com/reviewlist.en-gb.html?cc1=id&pagename=navalia-villa-bedugul&rows=10&sort=&offset=170
2026-05-29 13:44:44,566 - root - WARNING - Retrying 2 ... https://www.booking.com/reviewlist.en-gb.html?cc1=id&pagename=navalia-villa-bedugul&rows=10&sort=&offset=150
2026-05-29 13:44:44,585 - root - WARNING - Retrying 2 ... https://www.booking.com/reviewlist.en-gb.html?cc1=id&pagename=navalia-villa-bedugul&rows=10&sort=&offset=170
2026-05-29 13:44:44,587 - root - WARNING - Retrying 2 ... https://www.booking.com/reviewlist.en-gb.html?cc1=id&pagename=navalia-villa-bedugul&rows=10&sort=&offset=160
2026-05-29 13:44:44,751 - root - WARNING - Retrying 3 ... https://www.booking.com/reviewlist.en-gb.html?cc1=id&pagename=navalia-villa-bedugul&rows=10&sort=&offset=150
2026-05-29 13:44:44,787 - root - WARNING - Retrying 3 ... https://www.booking.com/reviewlist.en-gb.html?cc1=id&pagename=navalia-villa-bedugul&rows=10&sort=&offset=170
2026-05-29 13:44:45,281 - root - INFO - Finished Get Requests in 2.3 seconds
2026-05-29 13:44:45,281 - root - INFO - Starting Parsing Responses: 20
2026-05-29 13:44:45,305 - root - INFO - Processes launched: 5
2026-05-29 13:44:45,701 - root - INFO - Finished Parsing Responses: 176 in 2.7 seconds
2026-05-29 13:44:45,731 - root - INFO - Process complete 3.6 seconds
2026-05-29 13:44:45,732 - root - INFO - Reviews found: 176
2026-05-29 13:44:47,000 - root - INFO - Processed 20/20
