2026-06-04 11:35:23,037 - root - INFO - 

******** Input Params ********
-->  country: id
-->  hotel_name: pondok-pitaya
-->  sort_by: most_relevant
-->  n_rows: -1
-->  stop_critera: None
************************


2026-06-04 11:35:23,038 - root - INFO - Creating URLs
2026-06-04 11:35:23,038 - root - INFO - Checking max offset parameter value
2026-06-04 11:35:23,356 - root - INFO - No offset parameter found
2026-06-04 11:35:23,358 - root - INFO - Created URLs: 1
2026-06-04 11:35:23,358 - root - INFO - Progress Monitoring Thread Started
2026-06-04 11:35:23,358 - root - INFO - Starting Get Requests on 1 urls
2026-06-04 11:35:24,083 - root - INFO - Finished Get Requests in 0.7 seconds
2026-06-04 11:35:24,084 - root - INFO - Starting Parsing Responses: 1
2026-06-04 11:35:24,087 - root - INFO - Processes launched: 1
2026-06-04 11:35:24,197 - root - INFO - Finished Parsing Responses: 10 in 0.8 seconds
2026-06-04 11:35:24,198 - root - INFO - Process complete 1.2 seconds
2026-06-04 11:35:24,199 - root - INFO - Reviews found: 10
2026-06-04 11:35:25,362 - root - INFO - Processed 1/1
