2026-02-13 13:25:46,093 - root - INFO - 

******** Input Params ********
-->  country: id
-->  hotel_name: istana-balian-selemadeg
-->  sort_by: most_relevant
-->  n_rows: -1
-->  stop_critera: None
************************


2026-02-13 13:25:46,094 - root - INFO - Creating URLs
2026-02-13 13:25:46,094 - root - INFO - Checking max offset parameter value
2026-02-13 13:25:47,265 - root - INFO - Offset parameter max value: 210
2026-02-13 13:25:47,269 - root - INFO - Created URLs: 22
2026-02-13 13:25:47,269 - root - INFO - Progress Monitoring Thread Started
2026-02-13 13:25:47,269 - root - INFO - Starting Get Requests on 22 urls
2026-02-13 13:25:49,932 - root - INFO - Finished Get Requests in 2.7 seconds
2026-02-13 13:25:49,933 - root - INFO - Starting Parsing Responses: 22
2026-02-13 13:25:49,954 - root - INFO - Processes launched: 5
2026-02-13 13:25:50,458 - root - INFO - Finished Parsing Responses: 213 in 3.2 seconds
2026-02-13 13:25:50,495 - root - INFO - Process complete 4.4 seconds
2026-02-13 13:25:50,495 - root - INFO - Reviews found: 213
2026-02-13 13:25:51,288 - root - INFO - Processed 22/22
