2026-06-24 09:58:07,499 - root - INFO - 

******** Input Params ********
-->  country: us
-->  hotel_name: paramount-new-york
-->  sort_by: most_relevant
-->  n_rows: -1
-->  stop_critera: None
************************


2026-06-24 09:58:07,500 - root - INFO - Creating URLs
2026-06-24 09:58:07,500 - root - INFO - Checking max offset parameter value
2026-06-24 09:58:08,594 - root - INFO - No offset parameter found
2026-06-24 09:58:08,595 - root - INFO - Created URLs: 1
2026-06-24 09:58:08,596 - root - INFO - Progress Monitoring Thread Started
2026-06-24 09:58:08,596 - root - INFO - Starting Get Requests on 1 urls
2026-06-24 09:58:09,570 - root - WARNING - Retrying 1 ... https://www.booking.com/reviewlist.en-gb.html?cc1=us&pagename=paramount-new-york&rows=10&sort=
2026-06-24 09:58:10,719 - root - WARNING - Retrying 2 ... https://www.booking.com/reviewlist.en-gb.html?cc1=us&pagename=paramount-new-york&rows=10&sort=
2026-06-24 09:58:12,068 - root - WARNING - Retrying 3 ... https://www.booking.com/reviewlist.en-gb.html?cc1=us&pagename=paramount-new-york&rows=10&sort=
2026-06-24 09:58:12,068 - root - INFO - Finished Get Requests in 3.5 seconds
2026-06-24 09:58:12,069 - root - INFO - Starting Parsing Responses: 1
2026-06-24 09:58:12,073 - root - INFO - Processes launched: 1
2026-06-24 09:58:12,153 - root - INFO - Finished Parsing Responses: 0 in 3.6 seconds
2026-06-24 09:58:12,155 - root - INFO - Process complete 4.7 seconds
2026-06-24 09:58:12,155 - root - INFO - Reviews found: 0
2026-06-24 09:58:12,619 - root - INFO - Processed 1/1
