2026-06-24 09:25:55,104 - root - INFO - 

******** Input Params ********
-->  country: id
-->  hotel_name: pondok-pitaya
-->  sort_by: most_relevant
-->  n_rows: -1
-->  stop_critera: None
************************


2026-06-24 09:25:55,105 - root - INFO - Creating URLs
2026-06-24 09:25:55,105 - root - INFO - Checking max offset parameter value
2026-06-24 09:25:55,960 - root - INFO - No offset parameter found
2026-06-24 09:25:55,962 - root - INFO - Created URLs: 1
2026-06-24 09:25:55,963 - root - INFO - Progress Monitoring Thread Started
2026-06-24 09:25:55,963 - root - INFO - Starting Get Requests on 1 urls
2026-06-24 09:25:56,711 - root - WARNING - Retrying 1 ... https://www.booking.com/reviewlist.en-gb.html?cc1=id&pagename=pondok-pitaya&rows=10&sort=
2026-06-24 09:25:57,907 - root - WARNING - Retrying 2 ... https://www.booking.com/reviewlist.en-gb.html?cc1=id&pagename=pondok-pitaya&rows=10&sort=
2026-06-24 09:25:58,675 - root - WARNING - Retrying 3 ... https://www.booking.com/reviewlist.en-gb.html?cc1=id&pagename=pondok-pitaya&rows=10&sort=
2026-06-24 09:25:58,677 - root - INFO - Finished Get Requests in 2.7 seconds
2026-06-24 09:25:58,677 - root - INFO - Starting Parsing Responses: 1
2026-06-24 09:25:58,683 - root - INFO - Processes launched: 1
2026-06-24 09:25:58,769 - root - INFO - Finished Parsing Responses: 0 in 2.8 seconds
2026-06-24 09:25:58,771 - root - INFO - Process complete 3.7 seconds
2026-06-24 09:25:58,772 - root - INFO - Reviews found: 0
2026-06-24 09:25:59,989 - root - INFO - Processed 1/1
