2026-06-23 11:40:01,543 - root - INFO - 

******** Input Params ********
-->  country: id
-->  hotel_name: daun-lebar-villas
-->  sort_by: most_relevant
-->  n_rows: -1
-->  stop_critera: None
************************


2026-06-23 11:40:01,543 - root - INFO - Creating URLs
2026-06-23 11:40:01,544 - root - INFO - Checking max offset parameter value
2026-06-23 11:40:03,003 - root - INFO - No offset parameter found
2026-06-23 11:40:03,005 - root - INFO - Created URLs: 1
2026-06-23 11:40:03,005 - root - INFO - Progress Monitoring Thread Started
2026-06-23 11:40:03,006 - root - INFO - Starting Get Requests on 1 urls
2026-06-23 11:40:03,810 - root - WARNING - Retrying 1 ... https://www.booking.com/reviewlist.en-gb.html?cc1=id&pagename=daun-lebar-villas&rows=10&sort=
2026-06-23 11:40:04,539 - root - WARNING - Retrying 2 ... https://www.booking.com/reviewlist.en-gb.html?cc1=id&pagename=daun-lebar-villas&rows=10&sort=
2026-06-23 11:40:05,684 - root - WARNING - Retrying 3 ... https://www.booking.com/reviewlist.en-gb.html?cc1=id&pagename=daun-lebar-villas&rows=10&sort=
2026-06-23 11:40:05,685 - root - INFO - Finished Get Requests in 2.7 seconds
2026-06-23 11:40:05,685 - root - INFO - Starting Parsing Responses: 1
2026-06-23 11:40:05,690 - root - INFO - Processes launched: 1
2026-06-23 11:40:05,769 - root - INFO - Finished Parsing Responses: 0 in 2.8 seconds
2026-06-23 11:40:05,771 - root - INFO - Process complete 4.2 seconds
2026-06-23 11:40:05,771 - root - INFO - Reviews found: 0
2026-06-23 11:40:06,457 - root - INFO - Processed 1/1
