2026-06-23 11:36:57,971 - root - INFO - 

******** Input Params ********
-->  country: id
-->  hotel_name: daun-lebar-villas
-->  sort_by: most_relevant
-->  n_rows: -1
-->  stop_critera: None
************************


2026-06-23 11:36:57,971 - root - INFO - Creating URLs
2026-06-23 11:36:57,971 - root - INFO - Checking max offset parameter value
2026-06-23 11:36:59,012 - root - INFO - No offset parameter found
2026-06-23 11:36:59,014 - root - INFO - Created URLs: 1
2026-06-23 11:36:59,014 - root - INFO - Progress Monitoring Thread Started
2026-06-23 11:36:59,014 - root - INFO - Starting Get Requests on 1 urls
2026-06-23 11:36:59,792 - root - WARNING - Retrying 1 ... https://www.booking.com/reviewlist.en-gb.html?cc1=id&pagename=daun-lebar-villas&rows=10&sort=
2026-06-23 11:37:00,501 - root - WARNING - Retrying 2 ... https://www.booking.com/reviewlist.en-gb.html?cc1=id&pagename=daun-lebar-villas&rows=10&sort=
2026-06-23 11:37:01,319 - root - WARNING - Retrying 3 ... https://www.booking.com/reviewlist.en-gb.html?cc1=id&pagename=daun-lebar-villas&rows=10&sort=
2026-06-23 11:37:01,320 - root - INFO - Finished Get Requests in 2.3 seconds
2026-06-23 11:37:01,320 - root - INFO - Starting Parsing Responses: 1
2026-06-23 11:37:01,324 - root - INFO - Processes launched: 1
2026-06-23 11:37:01,398 - root - INFO - Finished Parsing Responses: 0 in 2.4 seconds
2026-06-23 11:37:01,400 - root - INFO - Process complete 3.4 seconds
2026-06-23 11:37:01,400 - root - INFO - Reviews found: 0
2026-06-23 11:37:03,031 - root - INFO - Processed 1/1
