2026-06-24 09:58:14,587 - root - INFO - 

******** Input Params ********
-->  country: us
-->  hotel_name: paramount-new-york
-->  sort_by: most_relevant
-->  n_rows: -1
-->  stop_critera: None
************************


2026-06-24 09:58:14,588 - root - INFO - Creating URLs
2026-06-24 09:58:14,588 - root - INFO - Checking max offset parameter value
2026-06-24 09:58:15,736 - root - INFO - No offset parameter found
2026-06-24 09:58:15,738 - root - INFO - Created URLs: 1
2026-06-24 09:58:15,738 - root - INFO - Progress Monitoring Thread Started
2026-06-24 09:58:15,739 - root - INFO - Starting Get Requests on 1 urls
2026-06-24 09:58:16,628 - root - WARNING - Retrying 1 ... https://www.booking.com/reviewlist.en-gb.html?cc1=us&pagename=paramount-new-york&rows=10&sort=
2026-06-24 09:58:15,711 - root - WARNING - Retrying 2 ... https://www.booking.com/reviewlist.en-gb.html?cc1=us&pagename=paramount-new-york&rows=10&sort=
2026-06-24 09:58:16,450 - root - WARNING - Retrying 3 ... https://www.booking.com/reviewlist.en-gb.html?cc1=us&pagename=paramount-new-york&rows=10&sort=
2026-06-24 09:58:16,451 - root - INFO - Finished Get Requests in 0.7 seconds
2026-06-24 09:58:16,451 - root - INFO - Starting Parsing Responses: 1
2026-06-24 09:58:16,455 - root - INFO - Processes launched: 1
2026-06-24 09:58:16,538 - root - INFO - Finished Parsing Responses: 0 in 0.8 seconds
2026-06-24 09:58:16,540 - root - INFO - Process complete 2.0 seconds
2026-06-24 09:58:16,540 - root - INFO - Reviews found: 0
2026-06-24 09:58:18,089 - root - INFO - Processed 1/1
