2026-06-04 11:35:18,913 - root - INFO - 

******** Input Params ********
-->  country: id
-->  hotel_name: pondok-pitaya
-->  sort_by: most_relevant
-->  n_rows: -1
-->  stop_critera: None
************************


2026-06-04 11:35:18,914 - root - INFO - Creating URLs
2026-06-04 11:35:18,914 - root - INFO - Checking max offset parameter value
2026-06-04 11:35:19,275 - root - INFO - No offset parameter found
2026-06-04 11:35:19,277 - root - INFO - Created URLs: 1
2026-06-04 11:35:19,278 - root - INFO - Progress Monitoring Thread Started
2026-06-04 11:35:19,278 - root - INFO - Starting Get Requests on 1 urls
2026-06-04 11:35:19,478 - root - WARNING - Retrying 1 ... https://www.booking.com/reviewlist.en-gb.html?cc1=id&pagename=pondok-pitaya&rows=10&sort=
2026-06-04 11:35:19,645 - root - WARNING - Retrying 2 ... https://www.booking.com/reviewlist.en-gb.html?cc1=id&pagename=pondok-pitaya&rows=10&sort=
2026-06-04 11:35:19,825 - root - WARNING - Retrying 3 ... https://www.booking.com/reviewlist.en-gb.html?cc1=id&pagename=pondok-pitaya&rows=10&sort=
2026-06-04 11:35:19,826 - root - INFO - Finished Get Requests in 0.5 seconds
2026-06-04 11:35:19,826 - root - INFO - Starting Parsing Responses: 1
2026-06-04 11:35:19,829 - root - INFO - Processes launched: 1
2026-06-04 11:35:19,845 - root - INFO - Finished Parsing Responses: 0 in 0.6 seconds
2026-06-04 11:35:19,847 - root - INFO - Process complete 0.9 seconds
2026-06-04 11:35:19,847 - root - INFO - Reviews found: 0
2026-06-04 11:35:21,283 - root - INFO - Processed 1/1
