2026-06-24 09:55:33,086 - root - INFO - 

******** Input Params ********
-->  country: id
-->  hotel_name: daun-lebar-villa
-->  sort_by: most_relevant
-->  n_rows: -1
-->  stop_critera: None
************************


2026-06-24 09:55:33,087 - root - INFO - Creating URLs
2026-06-24 09:55:33,087 - root - INFO - Checking max offset parameter value
2026-06-24 09:55:34,349 - root - INFO - No offset parameter found
2026-06-24 09:55:34,350 - root - INFO - Created URLs: 1
2026-06-24 09:55:34,351 - root - INFO - Progress Monitoring Thread Started
2026-06-24 09:55:34,351 - root - INFO - Starting Get Requests on 1 urls
2026-06-24 09:55:35,619 - root - WARNING - Retrying 1 ... https://www.booking.com/reviewlist.en-gb.html?cc1=id&pagename=daun-lebar-villa&rows=10&sort=
2026-06-24 09:55:36,492 - root - WARNING - Retrying 2 ... https://www.booking.com/reviewlist.en-gb.html?cc1=id&pagename=daun-lebar-villa&rows=10&sort=
2026-06-24 09:55:37,324 - root - WARNING - Retrying 3 ... https://www.booking.com/reviewlist.en-gb.html?cc1=id&pagename=daun-lebar-villa&rows=10&sort=
2026-06-24 09:55:37,324 - root - INFO - Finished Get Requests in 3.0 seconds
2026-06-24 09:55:37,325 - root - INFO - Starting Parsing Responses: 1
2026-06-24 09:55:37,329 - root - INFO - Processes launched: 1
2026-06-24 09:55:37,409 - root - INFO - Finished Parsing Responses: 0 in 3.1 seconds
2026-06-24 09:55:37,411 - root - INFO - Process complete 4.3 seconds
2026-06-24 09:55:37,412 - root - INFO - Reviews found: 0
2026-06-24 09:55:38,373 - root - INFO - Processed 1/1
