2026-02-13 11:39:07,604 - root - INFO - 

******** Input Params ********
-->  country: id
-->  hotel_name: pondok-pitaya
-->  sort_by: most_relevant
-->  n_rows: -1
-->  stop_critera: None
************************


2026-02-13 11:39:07,605 - root - INFO - Creating URLs
2026-02-13 11:39:07,605 - root - INFO - Checking max offset parameter value
2026-02-13 11:39:08,366 - root - INFO - Offset parameter max value: 250
2026-02-13 11:39:08,371 - root - INFO - Created URLs: 26
2026-02-13 11:39:08,371 - root - INFO - Progress Monitoring Thread Started
2026-02-13 11:39:08,372 - root - INFO - Starting Get Requests on 26 urls
2026-02-13 11:39:11,471 - root - INFO - Finished Get Requests in 3.1 seconds
2026-02-13 11:39:11,471 - root - INFO - Starting Parsing Responses: 26
2026-02-13 11:39:11,493 - root - INFO - Processes launched: 5
2026-02-13 11:39:12,024 - root - INFO - Finished Parsing Responses: 253 in 3.7 seconds
2026-02-13 11:39:12,065 - root - INFO - Process complete 4.5 seconds
2026-02-13 11:39:12,066 - root - INFO - Reviews found: 253
2026-02-13 11:39:12,388 - root - INFO - Processed 26/26
