2026-06-23 11:39:22,915 - root - INFO - 

******** Input Params ********
-->  country: id
-->  hotel_name: daun-lebar-villas
-->  sort_by: most_relevant
-->  n_rows: -1
-->  stop_critera: None
************************


2026-06-23 11:39:22,916 - root - INFO - Creating URLs
2026-06-23 11:39:22,916 - root - INFO - Checking max offset parameter value
2026-06-23 11:39:23,815 - root - INFO - No offset parameter found
2026-06-23 11:39:23,817 - root - INFO - Created URLs: 1
2026-06-23 11:39:23,817 - root - INFO - Progress Monitoring Thread Started
2026-06-23 11:39:23,817 - root - INFO - Starting Get Requests on 1 urls
2026-06-23 11:39:24,700 - root - WARNING - Retrying 1 ... https://www.booking.com/reviewlist.en-gb.html?cc1=id&pagename=daun-lebar-villas&rows=10&sort=
2026-06-23 11:39:25,847 - root - WARNING - Retrying 2 ... https://www.booking.com/reviewlist.en-gb.html?cc1=id&pagename=daun-lebar-villas&rows=10&sort=
2026-06-23 11:39:26,588 - root - WARNING - Retrying 3 ... https://www.booking.com/reviewlist.en-gb.html?cc1=id&pagename=daun-lebar-villas&rows=10&sort=
2026-06-23 11:39:26,589 - root - INFO - Finished Get Requests in 2.8 seconds
2026-06-23 11:39:26,589 - root - INFO - Starting Parsing Responses: 1
2026-06-23 11:39:26,593 - root - INFO - Processes launched: 1
2026-06-23 11:39:26,674 - root - INFO - Finished Parsing Responses: 0 in 2.9 seconds
2026-06-23 11:39:26,676 - root - INFO - Process complete 3.8 seconds
2026-06-23 11:39:26,676 - root - INFO - Reviews found: 0
2026-06-23 11:39:27,841 - root - INFO - Processed 1/1
