2026-01-09 10:53:18,505 - root - INFO - 

******** Input Params ********
-->  country: id
-->  hotel_name: pondok-pitaya
-->  sort_by: most_relevant
-->  n_rows: -1
-->  stop_critera: None
************************


2026-01-09 10:53:18,506 - root - INFO - Creating URLs
2026-01-09 10:53:18,506 - root - INFO - Checking max offset parameter value
2026-01-09 10:53:19,290 - root - INFO - Offset parameter max value: 250
2026-01-09 10:53:19,294 - root - INFO - Created URLs: 26
2026-01-09 10:53:19,295 - root - INFO - Progress Monitoring Thread Started
2026-01-09 10:53:19,295 - root - INFO - Starting Get Requests on 26 urls
2026-01-09 10:53:22,503 - root - INFO - Finished Get Requests in 3.2 seconds
2026-01-09 10:53:22,503 - root - INFO - Starting Parsing Responses: 26
2026-01-09 10:53:22,522 - root - INFO - Processes launched: 5
2026-01-09 10:53:23,050 - root - INFO - Finished Parsing Responses: 256 in 3.8 seconds
2026-01-09 10:53:23,088 - root - INFO - Process complete 4.6 seconds
2026-01-09 10:53:23,088 - root - INFO - Reviews found: 256
2026-01-09 10:53:23,319 - root - INFO - Processed 26/26
