2026-06-24 09:20:47,507 - root - INFO - 

******** Input Params ********
-->  country: id
-->  hotel_name: daun-lebar-villas
-->  sort_by: most_relevant
-->  n_rows: -1
-->  stop_critera: None
************************


2026-06-24 09:20:47,508 - root - INFO - Creating URLs
2026-06-24 09:20:47,508 - root - INFO - Checking max offset parameter value
2026-06-24 09:20:48,541 - root - INFO - No offset parameter found
2026-06-24 09:20:48,544 - root - INFO - Created URLs: 1
2026-06-24 09:20:48,545 - root - INFO - Progress Monitoring Thread Started
2026-06-24 09:20:48,545 - root - INFO - Starting Get Requests on 1 urls
2026-06-24 09:20:49,290 - root - WARNING - Retrying 1 ... https://www.booking.com/reviewlist.en-gb.html?cc1=id&pagename=daun-lebar-villas&rows=10&sort=
2026-06-24 09:20:50,014 - root - WARNING - Retrying 2 ... https://www.booking.com/reviewlist.en-gb.html?cc1=id&pagename=daun-lebar-villas&rows=10&sort=
2026-06-24 09:20:50,784 - root - WARNING - Retrying 3 ... https://www.booking.com/reviewlist.en-gb.html?cc1=id&pagename=daun-lebar-villas&rows=10&sort=
2026-06-24 09:20:50,785 - root - INFO - Finished Get Requests in 2.2 seconds
2026-06-24 09:20:50,785 - root - INFO - Starting Parsing Responses: 1
2026-06-24 09:20:50,789 - root - INFO - Processes launched: 1
2026-06-24 09:20:50,870 - root - INFO - Finished Parsing Responses: 0 in 2.3 seconds
2026-06-24 09:20:50,872 - root - INFO - Process complete 3.4 seconds
2026-06-24 09:20:50,872 - root - INFO - Reviews found: 0
2026-06-24 09:20:52,560 - root - INFO - Processed 1/1
