2026-06-24 13:56:45,195 - root - INFO - 

******** Input Params ********
-->  country: id
-->  hotel_name: pondok-pitaya
-->  sort_by: most_relevant
-->  n_rows: -1
-->  stop_critera: None
************************


2026-06-24 13:56:45,196 - root - INFO - Creating URLs
2026-06-24 13:56:45,196 - root - INFO - Checking max offset parameter value
2026-06-24 13:56:46,058 - root - INFO - No offset parameter found
2026-06-24 13:56:46,060 - root - INFO - Created URLs: 1
2026-06-24 13:56:46,060 - root - INFO - Progress Monitoring Thread Started
2026-06-24 13:56:46,060 - root - INFO - Starting Get Requests on 1 urls
2026-06-24 13:56:47,130 - root - WARNING - Retrying 1 ... https://www.booking.com/reviewlist.en-gb.html?cc1=id&pagename=pondok-pitaya&rows=10&sort=
2026-06-24 13:56:47,948 - root - WARNING - Retrying 2 ... https://www.booking.com/reviewlist.en-gb.html?cc1=id&pagename=pondok-pitaya&rows=10&sort=
2026-06-24 13:56:48,664 - root - WARNING - Retrying 3 ... https://www.booking.com/reviewlist.en-gb.html?cc1=id&pagename=pondok-pitaya&rows=10&sort=
2026-06-24 13:56:48,665 - root - INFO - Finished Get Requests in 2.6 seconds
2026-06-24 13:56:48,665 - root - INFO - Starting Parsing Responses: 1
2026-06-24 13:56:48,670 - root - INFO - Processes launched: 1
2026-06-24 13:56:48,760 - root - INFO - Finished Parsing Responses: 0 in 2.7 seconds
2026-06-24 13:56:48,762 - root - INFO - Process complete 3.6 seconds
2026-06-24 13:56:48,763 - root - INFO - Reviews found: 0
2026-06-24 13:56:50,073 - root - INFO - Processed 1/1
