2026-05-29 13:44:06,382 - root - INFO - 

******** Input Params ********
-->  country: id
-->  hotel_name: navalia-villa-bedugul
-->  sort_by: most_relevant
-->  n_rows: -1
-->  stop_critera: None
************************


2026-05-29 13:44:06,383 - root - INFO - Creating URLs
2026-05-29 13:44:06,383 - root - INFO - Checking max offset parameter value
2026-05-29 13:44:06,714 - root - INFO - No offset parameter found
2026-05-29 13:44:06,716 - root - INFO - Created URLs: 1
2026-05-29 13:44:06,716 - root - INFO - Progress Monitoring Thread Started
2026-05-29 13:44:06,716 - root - INFO - Starting Get Requests on 1 urls
2026-05-29 13:44:07,450 - root - INFO - Finished Get Requests in 0.7 seconds
2026-05-29 13:44:07,450 - root - INFO - Starting Parsing Responses: 1
2026-05-29 13:44:07,454 - root - INFO - Processes launched: 1
2026-05-29 13:44:07,569 - root - INFO - Finished Parsing Responses: 10 in 0.9 seconds
2026-05-29 13:44:07,571 - root - INFO - Process complete 1.2 seconds
2026-05-29 13:44:07,571 - root - INFO - Reviews found: 10
2026-05-29 13:44:08,721 - root - INFO - Processed 1/1
