2026-06-23 11:36:15,999 - root - INFO - 

******** Input Params ********
-->  country: id
-->  hotel_name: daun-lebar-villas
-->  sort_by: most_relevant
-->  n_rows: -1
-->  stop_critera: None
************************


2026-06-23 11:36:16,000 - root - INFO - Creating URLs
2026-06-23 11:36:16,000 - root - INFO - Checking max offset parameter value
2026-06-23 11:36:17,055 - root - INFO - No offset parameter found
2026-06-23 11:36:17,058 - root - INFO - Created URLs: 1
2026-06-23 11:36:17,058 - root - INFO - Progress Monitoring Thread Started
2026-06-23 11:36:17,058 - root - INFO - Starting Get Requests on 1 urls
2026-06-23 11:36:17,871 - root - WARNING - Retrying 1 ... https://www.booking.com/reviewlist.en-gb.html?cc1=id&pagename=daun-lebar-villas&rows=10&sort=
2026-06-23 11:36:19,085 - root - WARNING - Retrying 2 ... https://www.booking.com/reviewlist.en-gb.html?cc1=id&pagename=daun-lebar-villas&rows=10&sort=
2026-06-23 11:36:19,869 - root - WARNING - Retrying 3 ... https://www.booking.com/reviewlist.en-gb.html?cc1=id&pagename=daun-lebar-villas&rows=10&sort=
2026-06-23 11:36:19,870 - root - INFO - Finished Get Requests in 2.8 seconds
2026-06-23 11:36:19,870 - root - INFO - Starting Parsing Responses: 1
2026-06-23 11:36:19,874 - root - INFO - Processes launched: 1
2026-06-23 11:36:19,953 - root - INFO - Finished Parsing Responses: 0 in 2.9 seconds
2026-06-23 11:36:19,956 - root - INFO - Process complete 4.0 seconds
2026-06-23 11:36:19,956 - root - INFO - Reviews found: 0
2026-06-23 11:36:21,065 - root - INFO - Processed 1/1
