2026-05-11 01:09:36,448 - root - INFO - 

******** Input Params ********
-->  country: id
-->  hotel_name: c-39-smart-stay-kabupaten-buleleng
-->  sort_by: most_relevant
-->  n_rows: -1
-->  stop_critera: None
************************


2026-05-11 01:09:36,449 - root - INFO - Creating URLs
2026-05-11 01:09:36,449 - root - INFO - Checking max offset parameter value
2026-05-11 01:09:36,731 - root - INFO - No offset parameter found
2026-05-11 01:09:36,733 - root - INFO - Created URLs: 1
2026-05-11 01:09:36,733 - root - INFO - Progress Monitoring Thread Started
2026-05-11 01:09:36,734 - root - INFO - Starting Get Requests on 1 urls
2026-05-11 01:09:36,910 - root - WARNING - Retrying 1 ... https://www.booking.com/reviewlist.en-gb.html?cc1=id&pagename=c-39-smart-stay-kabupaten-buleleng&rows=10&sort=
2026-05-11 01:09:37,527 - root - INFO - Finished Get Requests in 0.8 seconds
2026-05-11 01:09:37,527 - root - INFO - Starting Parsing Responses: 1
2026-05-11 01:09:37,528 - root - INFO - Processes launched: 1
2026-05-11 01:09:37,643 - root - INFO - Finished Parsing Responses: 10 in 0.9 seconds
2026-05-11 01:09:37,645 - root - INFO - Process complete 1.2 seconds
2026-05-11 01:09:37,645 - root - INFO - Reviews found: 10
2026-05-11 01:09:38,736 - root - INFO - Processed 1/1
