2026-06-23 11:38:02,732 - root - INFO - 

******** Input Params ********
-->  country: id
-->  hotel_name: daun-lebar-villas
-->  sort_by: most_relevant
-->  n_rows: -1
-->  stop_critera: None
************************


2026-06-23 11:38:02,732 - root - INFO - Creating URLs
2026-06-23 11:38:02,732 - root - INFO - Checking max offset parameter value
2026-06-23 11:38:03,666 - root - INFO - No offset parameter found
2026-06-23 11:38:03,668 - root - INFO - Created URLs: 1
2026-06-23 11:38:03,672 - root - INFO - Progress Monitoring Thread Started
2026-06-23 11:38:03,672 - root - INFO - Starting Get Requests on 1 urls
2026-06-23 11:38:04,427 - root - WARNING - Retrying 1 ... https://www.booking.com/reviewlist.en-gb.html?cc1=id&pagename=daun-lebar-villas&rows=10&sort=
2026-06-23 11:38:05,211 - root - WARNING - Retrying 2 ... https://www.booking.com/reviewlist.en-gb.html?cc1=id&pagename=daun-lebar-villas&rows=10&sort=
2026-06-23 11:38:06,429 - root - WARNING - Retrying 3 ... https://www.booking.com/reviewlist.en-gb.html?cc1=id&pagename=daun-lebar-villas&rows=10&sort=
2026-06-23 11:38:06,430 - root - INFO - Finished Get Requests in 2.8 seconds
2026-06-23 11:38:06,430 - root - INFO - Starting Parsing Responses: 1
2026-06-23 11:38:06,435 - root - INFO - Processes launched: 1
2026-06-23 11:38:06,515 - root - INFO - Finished Parsing Responses: 0 in 2.8 seconds
2026-06-23 11:38:06,518 - root - INFO - Process complete 3.8 seconds
2026-06-23 11:38:06,518 - root - INFO - Reviews found: 0
2026-06-23 11:38:07,683 - root - INFO - Processed 1/1
