2026-05-29 13:50:50,052 - root - INFO - 

******** Input Params ********
-->  country: id
-->  hotel_name: pondok-nyoman
-->  sort_by: most_relevant
-->  n_rows: -1
-->  stop_critera: None
************************


2026-05-29 13:50:50,053 - root - INFO - Creating URLs
2026-05-29 13:50:50,053 - root - INFO - Checking max offset parameter value
2026-05-29 13:50:50,336 - root - INFO - No offset parameter found
2026-05-29 13:50:50,338 - root - INFO - Created URLs: 1
2026-05-29 13:50:50,339 - root - INFO - Progress Monitoring Thread Started
2026-05-29 13:50:50,339 - root - INFO - Starting Get Requests on 1 urls
2026-05-29 13:50:51,029 - root - INFO - Finished Get Requests in 0.7 seconds
2026-05-29 13:50:51,030 - root - INFO - Starting Parsing Responses: 1
2026-05-29 13:50:51,034 - root - INFO - Processes launched: 1
2026-05-29 13:50:51,165 - root - INFO - Finished Parsing Responses: 10 in 0.8 seconds
2026-05-29 13:50:51,166 - root - INFO - Process complete 1.1 seconds
2026-05-29 13:50:51,167 - root - INFO - Reviews found: 10
2026-05-29 13:50:51,436 - root - INFO - Processed 1/1
