2026-06-24 09:21:23,592 - root - INFO - 

******** Input Params ********
-->  country: id
-->  hotel_name: daun-lebar-villa
-->  sort_by: most_relevant
-->  n_rows: -1
-->  stop_critera: None
************************


2026-06-24 09:21:23,593 - root - INFO - Creating URLs
2026-06-24 09:21:23,593 - root - INFO - Checking max offset parameter value
2026-06-24 09:21:24,651 - root - INFO - No offset parameter found
2026-06-24 09:21:24,653 - root - INFO - Created URLs: 1
2026-06-24 09:21:24,654 - root - INFO - Progress Monitoring Thread Started
2026-06-24 09:21:24,654 - root - INFO - Starting Get Requests on 1 urls
2026-06-24 09:21:25,881 - root - WARNING - Retrying 1 ... https://www.booking.com/reviewlist.en-gb.html?cc1=id&pagename=daun-lebar-villa&rows=10&sort=
2026-06-24 09:21:26,614 - root - WARNING - Retrying 2 ... https://www.booking.com/reviewlist.en-gb.html?cc1=id&pagename=daun-lebar-villa&rows=10&sort=
2026-06-24 09:21:27,396 - root - WARNING - Retrying 3 ... https://www.booking.com/reviewlist.en-gb.html?cc1=id&pagename=daun-lebar-villa&rows=10&sort=
2026-06-24 09:21:27,397 - root - INFO - Finished Get Requests in 2.7 seconds
2026-06-24 09:21:27,397 - root - INFO - Starting Parsing Responses: 1
2026-06-24 09:21:27,401 - root - INFO - Processes launched: 1
2026-06-24 09:21:27,489 - root - INFO - Finished Parsing Responses: 0 in 2.8 seconds
2026-06-24 09:21:27,492 - root - INFO - Process complete 3.9 seconds
2026-06-24 09:21:27,492 - root - INFO - Reviews found: 0
2026-06-24 09:21:28,666 - root - INFO - Processed 1/1
