2026-06-24 09:25:45,280 - root - INFO - 

******** Input Params ********
-->  country: id
-->  hotel_name: pondok-pitaya
-->  sort_by: most_relevant
-->  n_rows: -1
-->  stop_critera: None
************************


2026-06-24 09:25:45,281 - root - INFO - Creating URLs
2026-06-24 09:25:45,281 - root - INFO - Checking max offset parameter value
2026-06-24 09:25:46,426 - root - INFO - No offset parameter found
2026-06-24 09:25:46,429 - root - INFO - Created URLs: 1
2026-06-24 09:25:46,429 - root - INFO - Progress Monitoring Thread Started
2026-06-24 09:25:46,429 - root - INFO - Starting Get Requests on 1 urls
2026-06-24 09:25:47,258 - root - WARNING - Retrying 1 ... https://www.booking.com/reviewlist.en-gb.html?cc1=id&pagename=pondok-pitaya&rows=10&sort=
2026-06-24 09:25:48,461 - root - WARNING - Retrying 2 ... https://www.booking.com/reviewlist.en-gb.html?cc1=id&pagename=pondok-pitaya&rows=10&sort=
2026-06-24 09:25:49,643 - root - WARNING - Retrying 3 ... https://www.booking.com/reviewlist.en-gb.html?cc1=id&pagename=pondok-pitaya&rows=10&sort=
2026-06-24 09:25:49,645 - root - INFO - Finished Get Requests in 3.2 seconds
2026-06-24 09:25:49,645 - root - INFO - Starting Parsing Responses: 1
2026-06-24 09:25:49,650 - root - INFO - Processes launched: 1
2026-06-24 09:25:49,736 - root - INFO - Finished Parsing Responses: 0 in 3.3 seconds
2026-06-24 09:25:49,739 - root - INFO - Process complete 4.5 seconds
2026-06-24 09:25:49,739 - root - INFO - Reviews found: 0
2026-06-24 09:25:50,457 - root - INFO - Processed 1/1
